<?xml version="1.0" encoding="UTF-8"?>
<!-- Generated by org.testng.reporters.JUnitReportReporter -->
<testsuite skipped="0" hostname="DESKTOP-S73144O" name="org.test.TestNgDataProvider" tests="2" failures="0" timestamp="06 Jan 2022 13:22:24 GMT" time="13.782" errors="0">
  <testcase name="testLoginPage" time="8.571" classname="org.test.TestNgDataProvider"/>
  <testcase name="testLoginPage" time="5.211" classname="org.test.TestNgDataProvider"/>
</testsuite> <!-- org.test.TestNgDataProvider -->
