<?xml version="1.0" encoding="UTF-8"?>
<!-- Generated by org.testng.reporters.JUnitReportReporter -->
<testsuite skipped="0" hostname="DESKTOP-S73144O" name="org.parallelExecution.Company" tests="3" failures="0" timestamp="09 Jan 2022 11:04:35 GMT" time="0.028" errors="0">
  <testcase name="tc11" time="0.022" classname="org.parallelExecution.Company"/>
  <testcase name="tc12" time="0.003" classname="org.parallelExecution.Company"/>
  <testcase name="tc13" time="0.003" classname="org.parallelExecution.Company"/>
</testsuite> <!-- org.parallelExecution.Company -->
