<?xml version="1.0" encoding="UTF-8"?>
<!-- Generated by org.testng.reporters.JUnitReportReporter -->
<testsuite skipped="0" hostname="DESKTOP-S73144O" name="org.parallelExecution.Employee" tests="6" failures="0" timestamp="09 Jan 2022 11:04:35 GMT" time="0.037" errors="0">
  <testcase name="tc3" time="0.002" classname="org.parallelExecution.Employee"/>
  <testcase name="tc2" time="0.002" classname="org.parallelExecution.Employee"/>
  <testcase name="tc6" time="0.003" classname="org.parallelExecution.Employee"/>
  <testcase name="tc1" time="0.023" classname="org.parallelExecution.Employee"/>
  <testcase name="tc5" time="0.002" classname="org.parallelExecution.Employee"/>
  <testcase name="tc4" time="0.005" classname="org.parallelExecution.Employee"/>
</testsuite> <!-- org.parallelExecution.Employee -->
