<?xml version="1.0" encoding="UTF-8"?>
<!-- Generated by org.testng.reporters.JUnitReportReporter -->
<testsuite skipped="0" hostname="DESKTOP-S73144O" name="org.test.AdactinUsingTestNg" tests="5" failures="0" timestamp="05 Jan 2022 14:11:34 GMT" time="11.487" errors="0">
  <testcase name="testLoginPage" time="2.806" classname="org.test.AdactinUsingTestNg"/>
  <testcase name="testSearchHotelPage" time="1.183" classname="org.test.AdactinUsingTestNg"/>
  <testcase name="testSelectHotelPage" time="0.573" classname="org.test.AdactinUsingTestNg"/>
  <testcase name="testBookHotelPage" time="0.663" classname="org.test.AdactinUsingTestNg"/>
  <testcase name="testBookingConfirmPage" time="6.262" classname="org.test.AdactinUsingTestNg"/>
</testsuite> <!-- org.test.AdactinUsingTestNg -->
