<?xml version="1.0" encoding="UTF-8"?>
<!-- Generated by org.testng.reporters.JUnitReportReporter -->
<testsuite skipped="0" hostname="DESKTOP-S73144O" name="org.test.AdactinUsingTestingXML" tests="6" failures="0" timestamp="09 Jan 2022 11:05:06 GMT" time="20.574" errors="0">
  <testcase name="testLaunch" time="11.091" classname="org.test.AdactinUsingTestingXML"/>
  <testcase name="testLoginPage" time="1.064" classname="org.test.AdactinUsingTestingXML"/>
  <testcase name="testSearchHotelPage" time="1.459" classname="org.test.AdactinUsingTestingXML"/>
  <testcase name="testSelectHotelPage" time="0.636" classname="org.test.AdactinUsingTestingXML"/>
  <testcase name="testBookHotelPage" time="0.877" classname="org.test.AdactinUsingTestingXML"/>
  <testcase name="testBookingConfirmPage" time="5.447" classname="org.test.AdactinUsingTestingXML"/>
</testsuite> <!-- org.test.AdactinUsingTestingXML -->
